[0m22:33:36.477914 [debug] [MainThread]: Sending event: {'category': 'dbt', 'action': 'invocation', 'label': 'start', 'context': [<snowplow_tracker.self_describing_json.SelfDescribingJson object at 0x000002E992170490>, <snowplow_tracker.self_describing_json.SelfDescribingJson object at 0x000002E991D242D0>, <snowplow_tracker.self_describing_json.SelfDescribingJson object at 0x000002E991D5D650>]}


============================== 22:33:36.489196 | ceb6859a-b124-4b79-88f3-bf9fb23d5d64 ==============================
[0m22:33:36.489196 [info ] [MainThread]: Running with dbt=1.6.5
[0m22:33:36.492167 [debug] [MainThread]: running dbt with arguments {'printer_width': '80', 'indirect_selection': 'eager', 'write_json': 'True', 'log_cache_events': 'False', 'partial_parse': 'True', 'cache_selected_only': 'False', 'warn_error': 'None', 'debug': 'False', 'version_check': 'True', 'log_path': 'logs', 'profiles_dir': 'C:\\Users\\User\\.dbt', 'fail_fast': 'False', 'use_colors': 'True', 'use_experimental_parser': 'False', 'no_print': 'None', 'quiet': 'False', 'log_format': 'default', 'invocation_command': 'dbt debug', 'warn_error_options': 'WarnErrorOptions(include=[], exclude=[])', 'static_parser': 'True', 'target_path': 'None', 'introspect': 'True', 'send_anonymous_usage_stats': 'True'}
[0m22:33:36.495907 [info ] [MainThread]: dbt version: 1.6.5
[0m22:33:36.498909 [info ] [MainThread]: python version: 3.11.4
[0m22:33:36.501909 [info ] [MainThread]: python path: C:\Users\User\AppData\Local\Programs\Python\Python311\python.exe
[0m22:33:36.504992 [info ] [MainThread]: os info: Windows-10-10.0.19045-SP0
[0m22:33:36.831591 [info ] [MainThread]: Error importing adapter: No module named 'dbt.adapters.snowflake'
[0m22:33:36.840159 [info ] [MainThread]: Using profiles dir at C:\Users\User\.dbt
[0m22:33:36.843016 [info ] [MainThread]: Using profiles.yml file at C:\Users\User\.dbt\profiles.yml
[0m22:33:36.846799 [info ] [MainThread]: Using dbt_project.yml file at C:\Users\User\.vscode\repo\Pollutants-Standards-Index-Singapore\dbt\dbt_project.yml
[0m22:33:36.850797 [info ] [MainThread]: Configuration:
[0m22:33:36.852795 [info ] [MainThread]:   profiles.yml file [[31mERROR invalid[0m]
[0m22:33:36.857246 [info ] [MainThread]:   dbt_project.yml file [[31mERROR not found[0m]
[0m22:33:36.863254 [info ] [MainThread]: Required dependencies:
[0m22:33:36.866246 [debug] [MainThread]: Executing "git --help"
[0m22:33:36.943425 [debug] [MainThread]: STDOUT: "b"usage: git [-v | --version] [-h | --help] [-C <path>] [-c <name>=<value>]\n           [--exec-path[=<path>]] [--html-path] [--man-path] [--info-path]\n           [-p | --paginate | -P | --no-pager] [--no-replace-objects] [--bare]\n           [--git-dir=<path>] [--work-tree=<path>] [--namespace=<name>]\n           [--config-env=<name>=<envvar>] <command> [<args>]\n\nThese are common Git commands used in various situations:\n\nstart a working area (see also: git help tutorial)\n   clone     Clone a repository into a new directory\n   init      Create an empty Git repository or reinitialize an existing one\n\nwork on the current change (see also: git help everyday)\n   add       Add file contents to the index\n   mv        Move or rename a file, a directory, or a symlink\n   restore   Restore working tree files\n   rm        Remove files from the working tree and from the index\n\nexamine the history and state (see also: git help revisions)\n   bisect    Use binary search to find the commit that introduced a bug\n   diff      Show changes between commits, commit and working tree, etc\n   grep      Print lines matching a pattern\n   log       Show commit logs\n   show      Show various types of objects\n   status    Show the working tree status\n\ngrow, mark and tweak your common history\n   branch    List, create, or delete branches\n   commit    Record changes to the repository\n   merge     Join two or more development histories together\n   rebase    Reapply commits on top of another base tip\n   reset     Reset current HEAD to the specified state\n   switch    Switch branches\n   tag       Create, list, delete or verify a tag object signed with GPG\n\ncollaborate (see also: git help workflows)\n   fetch     Download objects and refs from another repository\n   pull      Fetch from and integrate with another repository or a local branch\n   push      Update remote refs along with associated objects\n\n'git help -a' and 'git help -g' list available subcommands and some\nconcept guides. See 'git help <command>' or 'git help <concept>'\nto read about a specific subcommand or concept.\nSee 'git help git' for an overview of the system.\n""
[0m22:33:36.946115 [debug] [MainThread]: STDERR: "b''"
[0m22:33:36.947970 [info ] [MainThread]:  - git [[32mOK found[0m]

[0m22:33:36.950168 [info ] [MainThread]: Connection test skipped since no profile was found
[0m22:33:36.953384 [info ] [MainThread]: [31m2 checks failed:[0m
[0m22:33:36.955920 [info ] [MainThread]: Could not load dbt_project.yml
Profile loading failed for the following reason:
Runtime Error
  Credentials in profile "asd", target "dev" invalid: Runtime Error
    Could not find adapter type snowflake!


[0m22:33:36.961918 [info ] [MainThread]: Project loading failed for the following reason:
 project path <C:\Users\User\.vscode\repo\Pollutants-Standards-Index-Singapore\dbt\dbt_project.yml> not found

[0m22:33:36.966112 [debug] [MainThread]: Command `dbt debug` failed at 22:33:36.966112 after 0.52 seconds
[0m22:33:36.968108 [debug] [MainThread]: Sending event: {'category': 'dbt', 'action': 'invocation', 'label': 'end', 'context': [<snowplow_tracker.self_describing_json.SelfDescribingJson object at 0x000002E991ABACD0>, <snowplow_tracker.self_describing_json.SelfDescribingJson object at 0x000002E991DC6910>, <snowplow_tracker.self_describing_json.SelfDescribingJson object at 0x000002E98AFD2510>]}
[0m22:33:36.972111 [debug] [MainThread]: Flushing usage events
[0m22:38:06.791818 [debug] [MainThread]: Sending event: {'category': 'dbt', 'action': 'invocation', 'label': 'start', 'context': [<snowplow_tracker.self_describing_json.SelfDescribingJson object at 0x0000011F4FBBE9D0>, <snowplow_tracker.self_describing_json.SelfDescribingJson object at 0x0000011F4FF47BD0>, <snowplow_tracker.self_describing_json.SelfDescribingJson object at 0x0000011F49398690>]}


============================== 22:38:06.802816 | 29b43076-82db-42f7-a963-74dd078970c7 ==============================
[0m22:38:06.802816 [info ] [MainThread]: Running with dbt=1.6.5
[0m22:38:06.806815 [debug] [MainThread]: running dbt with arguments {'printer_width': '80', 'indirect_selection': 'eager', 'write_json': 'True', 'log_cache_events': 'False', 'partial_parse': 'True', 'cache_selected_only': 'False', 'profiles_dir': 'C:\\Users\\User\\.dbt', 'version_check': 'True', 'debug': 'False', 'log_path': 'logs', 'warn_error': 'None', 'fail_fast': 'False', 'use_colors': 'True', 'use_experimental_parser': 'False', 'no_print': 'None', 'quiet': 'False', 'log_format': 'default', 'invocation_command': 'dbt debug', 'warn_error_options': 'WarnErrorOptions(include=[], exclude=[])', 'introspect': 'True', 'target_path': 'None', 'static_parser': 'True', 'send_anonymous_usage_stats': 'True'}
[0m22:38:06.808871 [info ] [MainThread]: dbt version: 1.6.5
[0m22:38:06.811211 [info ] [MainThread]: python version: 3.11.4
[0m22:38:06.815265 [info ] [MainThread]: python path: C:\Users\User\AppData\Local\Programs\Python\Python311\python.exe
[0m22:38:06.818214 [info ] [MainThread]: os info: Windows-10-10.0.19045-SP0
[0m22:38:06.841782 [info ] [MainThread]: Error importing adapter: No module named 'dbt.adapters.snowflake'
[0m22:38:06.845927 [info ] [MainThread]: Using profiles dir at C:\Users\User\.dbt
[0m22:38:06.849493 [info ] [MainThread]: Using profiles.yml file at C:\Users\User\.dbt\profiles.yml
[0m22:38:06.854491 [info ] [MainThread]: Using dbt_project.yml file at C:\Users\User\.vscode\repo\Pollutants-Standards-Index-Singapore\dbt\dbt_project.yml
[0m22:38:06.857489 [info ] [MainThread]: Configuration:
[0m22:38:06.859544 [info ] [MainThread]:   profiles.yml file [[31mERROR invalid[0m]
[0m22:38:06.862543 [info ] [MainThread]:   dbt_project.yml file [[31mERROR not found[0m]
[0m22:38:06.865558 [info ] [MainThread]: Required dependencies:
[0m22:38:06.871387 [debug] [MainThread]: Executing "git --help"
[0m22:38:06.923386 [debug] [MainThread]: STDOUT: "b"usage: git [-v | --version] [-h | --help] [-C <path>] [-c <name>=<value>]\n           [--exec-path[=<path>]] [--html-path] [--man-path] [--info-path]\n           [-p | --paginate | -P | --no-pager] [--no-replace-objects] [--bare]\n           [--git-dir=<path>] [--work-tree=<path>] [--namespace=<name>]\n           [--config-env=<name>=<envvar>] <command> [<args>]\n\nThese are common Git commands used in various situations:\n\nstart a working area (see also: git help tutorial)\n   clone     Clone a repository into a new directory\n   init      Create an empty Git repository or reinitialize an existing one\n\nwork on the current change (see also: git help everyday)\n   add       Add file contents to the index\n   mv        Move or rename a file, a directory, or a symlink\n   restore   Restore working tree files\n   rm        Remove files from the working tree and from the index\n\nexamine the history and state (see also: git help revisions)\n   bisect    Use binary search to find the commit that introduced a bug\n   diff      Show changes between commits, commit and working tree, etc\n   grep      Print lines matching a pattern\n   log       Show commit logs\n   show      Show various types of objects\n   status    Show the working tree status\n\ngrow, mark and tweak your common history\n   branch    List, create, or delete branches\n   commit    Record changes to the repository\n   merge     Join two or more development histories together\n   rebase    Reapply commits on top of another base tip\n   reset     Reset current HEAD to the specified state\n   switch    Switch branches\n   tag       Create, list, delete or verify a tag object signed with GPG\n\ncollaborate (see also: git help workflows)\n   fetch     Download objects and refs from another repository\n   pull      Fetch from and integrate with another repository or a local branch\n   push      Update remote refs along with associated objects\n\n'git help -a' and 'git help -g' list available subcommands and some\nconcept guides. See 'git help <command>' or 'git help <concept>'\nto read about a specific subcommand or concept.\nSee 'git help git' for an overview of the system.\n""
[0m22:38:06.924295 [debug] [MainThread]: STDERR: "b''"
[0m22:38:06.924295 [info ] [MainThread]:  - git [[32mOK found[0m]

[0m22:38:06.926297 [info ] [MainThread]: Connection test skipped since no profile was found
[0m22:38:06.927298 [info ] [MainThread]: [31m2 checks failed:[0m
[0m22:38:06.928841 [info ] [MainThread]: Could not load dbt_project.yml
Profile loading failed for the following reason:
Runtime Error
  Credentials in profile "psi", target "dev" invalid: Runtime Error
    Could not find adapter type snowflake!


[0m22:38:06.931852 [info ] [MainThread]: Project loading failed for the following reason:
 project path <C:\Users\User\.vscode\repo\Pollutants-Standards-Index-Singapore\dbt\dbt_project.yml> not found

[0m22:38:06.934853 [debug] [MainThread]: Command `dbt debug` failed at 22:38:06.934853 after 0.19 seconds
[0m22:38:06.935855 [debug] [MainThread]: Sending event: {'category': 'dbt', 'action': 'invocation', 'label': 'end', 'context': [<snowplow_tracker.self_describing_json.SelfDescribingJson object at 0x0000011F4FFAFE50>, <snowplow_tracker.self_describing_json.SelfDescribingJson object at 0x0000011F49302510>, <snowplow_tracker.self_describing_json.SelfDescribingJson object at 0x0000011F49303110>]}
[0m22:38:06.936852 [debug] [MainThread]: Flushing usage events
